2024-02-05 17:27:27,860 [INFO] Activator:176 - 


2024-02-05 17:27:27,862 [INFO] Activator:177 - !SESSION log4j initialized
2024-02-05 17:27:29,853 [INFO] LogOutputStream:77 - [STDOUT_REDIRECT] 
2024-02-05 17:27:30,182 [INFO] ApplicationProperties:184 - Using Application install path: /home/bernhard/st/stm32cubeide_1.14.0/plugins/com.st.stm32cube.common.mx_6.10.0.202311202037
2024-02-05 17:27:30,191 [INFO] DbMcusXml:78 - Set database path to: /home/bernhard/st/stm32cubeide_1.14.0/plugins/com.st.stm32cube.common.mx_6.10.0.202311202037//db//mcu/
2024-02-05 17:27:30,191 [INFO] ApiDb:274 - Set plugin database path to: /home/bernhard/st/stm32cubeide_1.14.0/plugins/com.st.stm32cube.common.mx_6.10.0.202311202037//db//plugins/boardmanager/
2024-02-05 17:27:30,191 [WARN] ApiDb:259 - Overriding images path with different value:  => /home/bernhard/st/stm32cubeide_1.14.0/plugins/com.st.stm32cube.common.mx_6.10.0.202311202037//db//plugins/mcufinder/images/
2024-02-05 17:27:30,195 [INFO] ApiDb:250 - Set database path to: /home/bernhard/.stmcufinder/plugins/mcufinder//mcu/
2024-02-05 17:27:30,195 [INFO] DbMcusAds:125 - Set database path to: /home/bernhard/.stmcufinder/plugins/mcufinder//mcu/
2024-02-05 17:27:30,197 [INFO] CrossReferenceDbSqlite:203 - Set database path to: /home/bernhard/.stmcufinder/plugins/mcufinder//mcu/cs/
2024-02-05 17:27:30,251 [INFO] RulesReader:64 - Compatibility file has been processed (297 Rules)
2024-02-05 17:27:30,285 [INFO] DbMcusXml:78 - Set database path to: /home/bernhard/st/stm32cubeide_1.14.0/plugins/com.st.stm32cube.common.mx_6.10.0.202311202037//db//mcu/
2024-02-05 17:27:30,285 [INFO] ApiDb:274 - Set plugin database path to: /home/bernhard/st/stm32cubeide_1.14.0/plugins/com.st.stm32cube.common.mx_6.10.0.202311202037//db//plugins/boardmanager/
2024-02-05 17:27:30,285 [INFO] ApiDb:261 - Set plugin images path to: /home/bernhard/st/stm32cubeide_1.14.0/plugins/com.st.stm32cube.common.mx_6.10.0.202311202037//db//plugins/mcufinder/images/
2024-02-05 17:27:30,285 [WARN] DbFile:41 - Overriding database path with different value: /home/bernhard/.stmcufinder/plugins/mcufinder/ => /home/bernhard/.stmcufinder/plugins/mcufinder
2024-02-05 17:27:30,285 [INFO] ApiDb:250 - Set database path to: /home/bernhard/.stmcufinder/plugins/mcufinder//mcu/
2024-02-05 17:27:30,285 [WARN] DbFile:41 - Overriding database path with different value: /home/bernhard/.stmcufinder/plugins/mcufinder/ => /home/bernhard/.stmcufinder/plugins/mcufinder
2024-02-05 17:27:30,285 [INFO] DbMcusAds:125 - Set database path to: /home/bernhard/.stmcufinder/plugins/mcufinder//mcu/
2024-02-05 17:27:30,285 [WARN] DbFile:41 - Overriding database path with different value: /home/bernhard/.stmcufinder/plugins/mcufinder/ => /home/bernhard/.stmcufinder/plugins/mcufinder
2024-02-05 17:27:30,285 [WARN] DbFile:41 - Overriding database path with different value: /home/bernhard/.stmcufinder/plugins/mcufinder/ => /home/bernhard/.stmcufinder/plugins/mcufinder
2024-02-05 17:27:30,285 [INFO] CrossReferenceDbSqlite:203 - Set database path to: /home/bernhard/.stmcufinder/plugins/mcufinder//mcu/cs/
2024-02-05 17:27:30,324 [INFO] MainPanel:264 - HeapMemory: 268435456
2024-02-05 17:27:30,371 [INFO] DbMcusXml:78 - Set database path to: /home/bernhard/st/stm32cubeide_1.14.0/plugins/com.st.stm32cube.common.mx_6.10.0.202311202037//db//mcu/
2024-02-05 17:27:30,371 [INFO] ApiDb:274 - Set plugin database path to: /home/bernhard/st/stm32cubeide_1.14.0/plugins/com.st.stm32cube.common.mx_6.10.0.202311202037//db//plugins/boardmanager/
2024-02-05 17:27:30,371 [INFO] ApiDb:261 - Set plugin images path to: /home/bernhard/st/stm32cubeide_1.14.0/plugins/com.st.stm32cube.common.mx_6.10.0.202311202037//db//plugins/mcufinder/images/
2024-02-05 17:27:30,371 [WARN] DbFile:41 - Overriding database path with different value: /home/bernhard/.stmcufinder/plugins/mcufinder/ => /home/bernhard/.stmcufinder/plugins/mcufinder
2024-02-05 17:27:30,372 [INFO] ApiDb:250 - Set database path to: /home/bernhard/.stmcufinder/plugins/mcufinder//mcu/
2024-02-05 17:27:30,372 [WARN] DbFile:41 - Overriding database path with different value: /home/bernhard/.stmcufinder/plugins/mcufinder/ => /home/bernhard/.stmcufinder/plugins/mcufinder
2024-02-05 17:27:30,372 [INFO] DbMcusAds:125 - Set database path to: /home/bernhard/.stmcufinder/plugins/mcufinder//mcu/
2024-02-05 17:27:30,372 [WARN] DbFile:41 - Overriding database path with different value: /home/bernhard/.stmcufinder/plugins/mcufinder/ => /home/bernhard/.stmcufinder/plugins/mcufinder
2024-02-05 17:27:30,372 [WARN] DbFile:41 - Overriding database path with different value: /home/bernhard/.stmcufinder/plugins/mcufinder/ => /home/bernhard/.stmcufinder/plugins/mcufinder
2024-02-05 17:27:30,372 [INFO] CrossReferenceDbSqlite:203 - Set database path to: /home/bernhard/.stmcufinder/plugins/mcufinder//mcu/cs/
2024-02-05 17:27:30,381 [INFO] ApplicationProperties:184 - Using Application install path: /home/bernhard/st/stm32cubeide_1.14.0/plugins/com.st.stm32cube.common.mx_6.10.0.202311202037
2024-02-05 17:27:30,381 [INFO] PluginManage:196 - Search for loadable plugins [exclusion list=, ]
2024-02-05 17:27:30,382 [INFO] PluginManage:310 - Check plugin analytics
2024-02-05 17:27:30,475 [INFO] AnalyticsPlugin:253 - Accepted Software Licenses: STM32CubeMX.6.9.1
2024-02-05 17:27:30,476 [INFO] AnalyticsPlugin:255 - Accepted CMSIS Pack Licenses: STMicroelectronics.X-CUBE-AI.8.1.0,STMicroelectronics.X-CUBE-AI.8.0.1
2024-02-05 17:27:30,476 [INFO] AnalyticsPlugin:257 - Accepted Firmware Licenses: 
2024-02-05 17:27:30,478 [INFO] PluginManage:359 - Loaded plugin analytics (category:tool,tabindex:-1)
2024-02-05 17:27:30,478 [INFO] PluginManage:310 - Check plugin cadmodel
2024-02-05 17:27:30,501 [INFO] CADModel:105 - Init CAD model plugin
2024-02-05 17:27:30,501 [INFO] PluginManage:359 - Loaded plugin cadmodel (category:power,tabindex:5)
2024-02-05 17:27:30,502 [INFO] PluginManage:310 - Check plugin clock
2024-02-05 17:27:30,507 [INFO] PluginManage:359 - Loaded plugin clock (category:base,tabindex:2)
2024-02-05 17:27:30,507 [INFO] PluginManage:310 - Check plugin ddr
2024-02-05 17:27:30,508 [INFO] PluginManage:359 - Loaded plugin ddr (category:tool,tabindex:6)
2024-02-05 17:27:30,508 [INFO] PluginManage:310 - Check plugin filemanager
2024-02-05 17:27:30,577 [INFO] PluginManage:359 - Loaded plugin filemanager (category:base,tabindex:10)
2024-02-05 17:27:30,577 [INFO] PluginManage:310 - Check plugin ipmanager
2024-02-05 17:27:30,580 [INFO] PluginManage:359 - Loaded plugin ipmanager (category:base,tabindex:5)
2024-02-05 17:27:30,580 [INFO] PluginManage:310 - Check plugin lpbam
2024-02-05 17:27:30,584 [INFO] PluginManage:359 - Loaded plugin lpbam (category:base,tabindex:0)
2024-02-05 17:27:30,584 [INFO] PluginManage:310 - Check plugin memorymap
2024-02-05 17:27:30,590 [INFO] PluginManage:359 - Loaded plugin memorymap (category:base,tabindex:4)
2024-02-05 17:27:30,590 [INFO] PluginManage:310 - Check plugin pinoutandconfiguration
2024-02-05 17:27:30,594 [INFO] PluginManage:359 - Loaded plugin pinoutandconfiguration (category:base,tabindex:1)
2024-02-05 17:27:30,594 [INFO] PluginManage:310 - Check plugin pinoutconfig
2024-02-05 17:27:30,635 [WARN] SupportedApi:132 - Cannot load RTOS API schema: s4s-elt-must-match.1: The content of 'definitions' must match (annotation?, (simpleType | complexType)?, (unique | key | keyref)*)). A problem was found starting at: attribute.
2024-02-05 17:27:30,698 [INFO] PluginManage:359 - Loaded plugin pinoutconfig (category:base,tabindex:0)
2024-02-05 17:27:30,698 [INFO] PluginManage:310 - Check plugin power
2024-02-05 17:27:30,703 [INFO] PluginManage:359 - Loaded plugin power (category:power,tabindex:4)
2024-02-05 17:27:30,703 [INFO] PluginManage:310 - Check plugin projectmanager
2024-02-05 17:27:30,711 [INFO] PluginManage:359 - Loaded plugin projectmanager (category:projectmanager,tabindex:3)
2024-02-05 17:27:30,711 [INFO] PluginManage:310 - Check plugin thirdparty
2024-02-05 17:27:30,768 [INFO] PluginManage:359 - Loaded plugin thirdparty (category:base,tabindex:-1)
2024-02-05 17:27:30,769 [INFO] PluginManage:310 - Check plugin tools
2024-02-05 17:27:30,768 [WARN] IntegrityCheckThread:84 - waiting for thirdparty lock release [integrity check]
2024-02-05 17:27:30,769 [INFO] IntegrityCheckThread:86 - entering critical section [integrity check]
2024-02-05 17:27:30,769 [INFO] ThirdPartyUpdaterWithRetryManager:70 - Updater plugin not ready yet. [1/15]
2024-02-05 17:27:30,770 [INFO] PluginManage:359 - Loaded plugin tools (category:base,tabindex:7)
2024-02-05 17:27:30,770 [INFO] PluginManage:310 - Check plugin tutovideos
2024-02-05 17:27:30,857 [INFO] PluginManage:359 - Loaded plugin tutovideos (category:base,tabindex:-1)
2024-02-05 17:27:30,857 [INFO] PluginManage:310 - Check plugin updater
2024-02-05 17:27:30,864 [INFO] PluginManage:359 - Loaded plugin updater (category:base,tabindex:12)
2024-02-05 17:27:30,864 [INFO] PluginManage:310 - Check plugin userauth
2024-02-05 17:27:30,867 [INFO] UserAuth:114 - Init User Auth plugin
2024-02-05 17:27:30,867 [INFO] PluginManage:359 - Loaded plugin userauth (category:base,tabindex:14)
2024-02-05 17:27:30,867 [INFO] PluginManage:283 - PluginManage : Loaded plugins [17]
2024-02-05 17:27:30,957 [INFO] PinOutPanel:1499 - setPackage(No Configuration,No Configuration)
2024-02-05 17:27:30,985 [INFO] CADModel:165 - CPN selected for project level
2024-02-05 17:27:30,985 [INFO] CADModel:114 - Register for checkConnection events
2024-02-05 17:27:30,991 [INFO] IPUIPlugin:80 - create IPUIPlugin
2024-02-05 17:27:30,991 [INFO] PluginManager:220 - loadIPPluginJar : add touchsensing
2024-02-05 17:27:30,992 [INFO] IPUIPlugin:80 - create IPUIPlugin
2024-02-05 17:27:30,992 [INFO] PluginManager:220 - loadIPPluginJar : add dma3
2024-02-05 17:27:30,993 [INFO] IPUIPlugin:80 - create IPUIPlugin
2024-02-05 17:27:30,993 [INFO] PluginManager:220 - loadIPPluginJar : add ltdc
2024-02-05 17:27:30,994 [INFO] IPUIPlugin:80 - create IPUIPlugin
2024-02-05 17:27:30,994 [INFO] PluginManager:220 - loadIPPluginJar : add lorawan
2024-02-05 17:27:30,997 [INFO] IPUIPlugin:80 - create IPUIPlugin
2024-02-05 17:27:30,997 [INFO] PluginManager:220 - loadIPPluginJar : add freertos
2024-02-05 17:27:30,999 [INFO] IPUIPlugin:80 - create IPUIPlugin
2024-02-05 17:27:30,999 [INFO] PluginManager:220 - loadIPPluginJar : add opamp
2024-02-05 17:27:31,000 [INFO] IPUIPlugin:80 - create IPUIPlugin
2024-02-05 17:27:31,000 [INFO] PluginManager:220 - loadIPPluginJar : add comp
2024-02-05 17:27:31,001 [INFO] IPUIPlugin:80 - create IPUIPlugin
2024-02-05 17:27:31,001 [INFO] PluginManager:220 - loadIPPluginJar : add dfsdm
2024-02-05 17:27:31,003 [INFO] IPUIPlugin:80 - create IPUIPlugin
2024-02-05 17:27:31,003 [INFO] PluginManager:220 - loadIPPluginJar : add dma
2024-02-05 17:27:31,006 [INFO] IPUIPlugin:80 - create IPUIPlugin
2024-02-05 17:27:31,006 [INFO] PluginManager:220 - loadIPPluginJar : add adc
2024-02-05 17:27:31,007 [INFO] IPUIPlugin:80 - create IPUIPlugin
2024-02-05 17:27:31,007 [INFO] PluginManager:220 - loadIPPluginJar : add spi
2024-02-05 17:27:31,009 [INFO] IPUIPlugin:80 - create IPUIPlugin
2024-02-05 17:27:31,009 [INFO] PluginManager:220 - loadIPPluginJar : add fmc
2024-02-05 17:27:31,011 [INFO] IPUIPlugin:80 - create IPUIPlugin
2024-02-05 17:27:31,011 [INFO] PluginManager:220 - loadIPPluginJar : add resmgrutility
2024-02-05 17:27:31,012 [INFO] IPUIPlugin:80 - create IPUIPlugin
2024-02-05 17:27:31,012 [INFO] PluginManager:220 - loadIPPluginJar : add cryp
2024-02-05 17:27:31,013 [INFO] IPUIPlugin:80 - create IPUIPlugin
2024-02-05 17:27:31,013 [INFO] PluginManager:220 - loadIPPluginJar : add gtzc
2024-02-05 17:27:31,016 [INFO] IPUIPlugin:80 - create IPUIPlugin
2024-02-05 17:27:31,016 [INFO] PluginManager:220 - loadIPPluginJar : add mdma
2024-02-05 17:27:31,017 [INFO] IPUIPlugin:80 - create IPUIPlugin
2024-02-05 17:27:31,017 [INFO] PluginManager:220 - loadIPPluginJar : add quadspi
2024-02-05 17:27:31,018 [INFO] IPUIPlugin:80 - create IPUIPlugin
2024-02-05 17:27:31,018 [INFO] PluginManager:220 - loadIPPluginJar : add usart
2024-02-05 17:27:31,018 [INFO] IPUIPlugin:80 - create IPUIPlugin
2024-02-05 17:27:31,018 [INFO] PluginManager:220 - loadIPPluginJar : add fatfs
2024-02-05 17:27:31,019 [INFO] IPUIPlugin:80 - create IPUIPlugin
2024-02-05 17:27:31,019 [INFO] PluginManager:220 - loadIPPluginJar : add hash
2024-02-05 17:27:31,020 [INFO] IPUIPlugin:80 - create IPUIPlugin
2024-02-05 17:27:31,020 [INFO] PluginManager:220 - loadIPPluginJar : add ts
2024-02-05 17:27:31,022 [INFO] IPUIPlugin:80 - create IPUIPlugin
2024-02-05 17:27:31,022 [INFO] PluginManager:220 - loadIPPluginJar : add gic
2024-02-05 17:27:31,023 [INFO] IPUIPlugin:80 - create IPUIPlugin
2024-02-05 17:27:31,023 [INFO] PluginManager:220 - loadIPPluginJar : add tim
2024-02-05 17:27:31,024 [INFO] IPUIPlugin:80 - create IPUIPlugin
2024-02-05 17:27:31,024 [INFO] PluginManager:220 - loadIPPluginJar : add tracer_emb
2024-02-05 17:27:31,026 [INFO] IPUIPlugin:80 - create IPUIPlugin
2024-02-05 17:27:31,026 [INFO] PluginManager:220 - loadIPPluginJar : add nvic
2024-02-05 17:27:31,027 [INFO] IPUIPlugin:80 - create IPUIPlugin
2024-02-05 17:27:31,027 [INFO] PluginManager:220 - loadIPPluginJar : add genericplugin
2024-02-05 17:27:31,028 [INFO] IPUIPlugin:80 - create IPUIPlugin
2024-02-05 17:27:31,028 [INFO] PluginManager:220 - loadIPPluginJar : add usbx
2024-02-05 17:27:31,030 [INFO] IPUIPlugin:80 - create IPUIPlugin
2024-02-05 17:27:31,030 [INFO] PluginManager:220 - loadIPPluginJar : add stm32_wpan
2024-02-05 17:27:31,033 [INFO] IPUIPlugin:80 - create IPUIPlugin
2024-02-05 17:27:31,034 [INFO] PluginManager:220 - loadIPPluginJar : add plateformsettings
2024-02-05 17:27:31,036 [INFO] IPUIPlugin:80 - create IPUIPlugin
2024-02-05 17:27:31,036 [INFO] PluginManager:220 - loadIPPluginJar : add sai
2024-02-05 17:27:31,036 [INFO] IPUIPlugin:80 - create IPUIPlugin
2024-02-05 17:27:31,036 [INFO] PluginManager:220 - loadIPPluginJar : add tsc
2024-02-05 17:27:31,037 [INFO] IPUIPlugin:80 - create IPUIPlugin
2024-02-05 17:27:31,037 [INFO] PluginManager:220 - loadIPPluginJar : add i2s
2024-02-05 17:27:31,038 [INFO] IPUIPlugin:80 - create IPUIPlugin
2024-02-05 17:27:31,039 [INFO] PluginManager:220 - loadIPPluginJar : add i2c
2024-02-05 17:27:31,039 [INFO] IPUIPlugin:80 - create IPUIPlugin
2024-02-05 17:27:31,039 [INFO] PluginManager:220 - loadIPPluginJar : add ucpd
2024-02-05 17:27:31,040 [INFO] IPUIPlugin:80 - create IPUIPlugin
2024-02-05 17:27:31,040 [INFO] PluginManager:220 - loadIPPluginJar : add aes
2024-02-05 17:27:31,041 [INFO] IPUIPlugin:80 - create IPUIPlugin
2024-02-05 17:27:31,041 [INFO] PluginManager:220 - loadIPPluginJar : add can
2024-02-05 17:27:31,044 [INFO] IPUIPlugin:80 - create IPUIPlugin
2024-02-05 17:27:31,044 [INFO] PluginManager:220 - loadIPPluginJar : add gpio
2024-02-05 17:27:31,045 [INFO] IPUIPlugin:80 - create IPUIPlugin
2024-02-05 17:27:31,045 [INFO] PluginManager:220 - loadIPPluginJar : add i3c
2024-02-05 17:27:31,046 [INFO] IPUIPlugin:80 - create IPUIPlugin
2024-02-05 17:27:31,046 [INFO] PluginManager:220 - loadIPPluginJar : add gfxmmu
2024-02-05 17:27:31,047 [INFO] IPUIPlugin:80 - create IPUIPlugin
2024-02-05 17:27:31,047 [INFO] PluginManager:220 - loadIPPluginJar : add pdm2pcm
2024-02-05 17:27:31,048 [INFO] IPUIPlugin:80 - create IPUIPlugin
2024-02-05 17:27:31,048 [INFO] PluginManager:220 - loadIPPluginJar : add openamp
2024-02-05 17:27:31,051 [INFO] IPUIPlugin:80 - create IPUIPlugin
2024-02-05 17:27:31,051 [INFO] PluginManager:220 - loadIPPluginJar : add linkedlist
2024-02-05 17:27:31,053 [INFO] IPUIPlugin:80 - create IPUIPlugin
2024-02-05 17:27:31,053 [INFO] PluginManager:220 - loadIPPluginJar : add ipddr
2024-02-05 17:27:31,140 [INFO] CADModel:165 - CPN selected for project level
2024-02-05 17:27:31,140 [INFO] CADModel:114 - Register for checkConnection events
2024-02-05 17:27:31,140 [FATAL] Updater:308 - Updater called before beeing initialized
2024-02-05 17:27:31,140 [ERROR] CADModel:125 - Updater not yet initialized, retry later 
2024-02-05 17:27:31,205 [INFO] CADModel:165 - CPN selected for project level
2024-02-05 17:27:31,205 [INFO] CADModel:114 - Register for checkConnection events
2024-02-05 17:27:31,205 [FATAL] Updater:308 - Updater called before beeing initialized
2024-02-05 17:27:31,205 [ERROR] CADModel:125 - Updater not yet initialized, retry later 
2024-02-05 17:27:31,207 [FATAL] Updater:308 - Updater called before beeing initialized
2024-02-05 17:27:31,249 [FATAL] Updater:308 - Updater called before beeing initialized
2024-02-05 17:27:31,251 [INFO] DbMcusAds:53 - JSON generation date=Wed Nov 29 11:52:27 CET 2023 (1701255147200)
2024-02-05 17:27:31,251 [FATAL] Updater:308 - Updater called before beeing initialized
2024-02-05 17:27:31,273 [WARN] DetailPanel:346 - Failed to get advertising image, set to default
2024-02-05 17:27:31,336 [FATAL] Updater:308 - Updater called before beeing initialized
2024-02-05 17:27:31,337 [FATAL] Updater:308 - Updater called before beeing initialized
2024-02-05 17:27:31,337 [FATAL] Updater:308 - Updater called before beeing initialized
2024-02-05 17:27:31,337 [WARN] DetailPanel:346 - Failed to get advertising image, set to default
2024-02-05 17:27:31,338 [FATAL] Updater:308 - Updater called before beeing initialized
2024-02-05 17:27:31,355 [ERROR] Updater:1120 - MainUpdater not yet initialized. External WinMGr cannot be set.
2024-02-05 17:27:31,356 [INFO] Updater:1056 - Updater Version found : 6.10.0
2024-02-05 17:27:31,367 [INFO] ApplicationProperties:184 - Using Application install path: /home/bernhard/st/stm32cubeide_1.14.0/plugins/com.st.stm32cube.common.mx_6.10.0.202311202037
2024-02-05 17:27:31,545 [INFO] MainUpdater:2873 - connection check result : 10
2024-02-05 17:27:31,546 [INFO] MainUpdater:290 - Updater Check For Update Now.
2024-02-05 17:27:31,546 [INFO] MicroXplorer:498 - Change Database Version : DB.6.0.100
2024-02-05 17:27:31,549 [INFO] McuFinderGlobals:63 - Set McuFinder mode to 2 (CubeIDE integrated)
2024-02-05 17:27:31,549 [INFO] UserAuth:180 - activating auth plugin
2024-02-05 17:27:31,551 [INFO] UserAuth:404 - Internet connection configuration mode: 1
2024-02-05 17:27:31,559 [INFO] JxBrowserEngine:152 - Initiate JxBrowser Engine with user profile folder
2024-02-05 17:27:31,682 [INFO] CheckServerUpdateThread:120 - End of CheckServer Thread
2024-02-05 17:27:32,118 [INFO] WebApp:161 - Instantiating new browser for Auth
2024-02-05 17:27:32,433 [INFO] WebApp:780 - Register for checkConnection events
2024-02-05 17:27:32,433 [INFO] WebApp:414 - Apply proxy settings
2024-02-05 17:27:32,433 [INFO] WebApp:499 - Chromium requires no authentication
2024-02-05 17:27:32,436 [INFO] WebApp:442 - Direct internet connection detected
2024-02-05 17:27:32,504 [INFO] WebApp:192 - Starting web application
2024-02-05 17:27:32,504 [INFO] WebApp:544 - Web application path used /home/bernhard/st/stm32cubeide_1.14.0/plugins/com.st.stm32cube.common.mx_6.10.0.202311202037/db/plugins/mcufinder/reactClient1/index.html
2024-02-05 17:27:33,860 [WARN] PackLoader:240 - Cannot read IP mode file for STMicroelectronics.X-CUBE-SMBUS.2.1.0
2024-02-05 17:27:33,863 [WARN] PackLoader:240 - Cannot read IP mode file for STMicroelectronics.X-CUBE-TOUCHGFX.4.23.0
2024-02-05 17:27:33,877 [WARN] PackLoader:240 - Cannot read IP mode file for STMicroelectronics.X-CUBE-AZRTOS-F7.1.1.0
2024-02-05 17:27:33,884 [WARN] PackLoader:240 - Cannot read IP mode file for STMicroelectronics.FP-SNS-MOTENV1.4.3.2
2024-02-05 17:27:33,888 [WARN] PackLoader:240 - Cannot read IP mode file for STMicroelectronics.FP-SNS-FLIGHT1.5.0.2
2024-02-05 17:27:33,892 [WARN] PackLoader:240 - Cannot read IP mode file for STMicroelectronics.X-CUBE-DISPLAY.3.0.0
2024-02-05 17:27:33,899 [WARN] PackLoader:240 - Cannot read IP mode file for STMicroelectronics.X-CUBE-BLE1.7.0.0
2024-02-05 17:27:33,901 [WARN] PackLoader:240 - Cannot read IP mode file for emotas.I-CUBE-CANOPEN.1.3.0
2024-02-05 17:27:33,903 [WARN] PackLoader:240 - Cannot read IP mode file for STMicroelectronics.X-CUBE-TOUCHGFX.4.22.0
2024-02-05 17:27:33,904 [WARN] PackLoader:240 - Cannot read IP mode file for STMicroelectronics.X-CUBE-TOUCHGFX.4.22.1
2024-02-05 17:27:33,905 [WARN] PackLoader:240 - Cannot read IP mode file for STMicroelectronics.FP-SNS-SMARTAG2.1.2.0
2024-02-05 17:27:33,911 [INFO] LogOutputStream:77 - [STDOUT_REDIRECT] 1 : Invalid condition id : UX_CORESTACK_Condition cause : null
2024-02-05 17:27:33,911 [INFO] LogOutputStream:77 - [STDOUT_REDIRECT] 1 : Invalid condition id : UX_CORESTACK_Condition cause : null
2024-02-05 17:27:33,911 [INFO] LogOutputStream:77 - [STDOUT_REDIRECT] 1 : Invalid condition id : UX_CORESTACK_Condition cause : null
2024-02-05 17:27:33,911 [INFO] LogOutputStream:77 - [STDOUT_REDIRECT] 1 : Invalid condition id : UX_CORESTACK_Condition cause : null
2024-02-05 17:27:33,912 [INFO] LogOutputStream:77 - [STDOUT_REDIRECT] 1 : Invalid condition id : UX_CORESTACK_Condition cause : null
2024-02-05 17:27:33,914 [WARN] PackLoader:240 - Cannot read IP mode file for STMicroelectronics.X-CUBE-AZRTOS-WL.2.0.0
2024-02-05 17:27:33,918 [WARN] PackLoader:240 - Cannot read IP mode file for WES.I-CUBE-Cesium.1.3.0
2024-02-05 17:27:33,920 [WARN] PackLoader:240 - Cannot read IP mode file for STMicroelectronics.X-CUBE-BLE2.3.3.0
2024-02-05 17:27:33,923 [WARN] PackLoader:240 - Cannot read IP mode file for STMicroelectronics.X-CUBE-ALGOBUILD.1.3.0
2024-02-05 17:27:33,931 [WARN] PackLoader:240 - Cannot read IP mode file for STMicroelectronics.X-CUBE-AZRTOS-G0.1.1.0
2024-02-05 17:27:33,935 [WARN] PackLoader:240 - Cannot read IP mode file for STMicroelectronics.X-CUBE-NFC4.3.0.0
2024-02-05 17:27:33,939 [WARN] PackLoader:240 - Cannot read IP mode file for STMicroelectronics.X-CUBE-BLEMGR.3.0.0
2024-02-05 17:27:33,942 [WARN] PackLoader:240 - Cannot read IP mode file for STMicroelectronics.FP-ATR-SIGFOX1.3.2.0
2024-02-05 17:27:33,945 [WARN] PackLoader:240 - Cannot read IP mode file for STMicroelectronics.X-CUBE-EEPRMA1.5.1.0
2024-02-05 17:27:33,963 [WARN] PackLoader:240 - Cannot read IP mode file for SEGGER.I-CUBE-embOS.1.3.1
2024-02-05 17:27:33,985 [WARN] PackLoader:240 - Cannot read IP mode file for STMicroelectronics.X-CUBE-GNSS1.6.0.0
2024-02-05 17:27:33,992 [WARN] PackLoader:240 - Cannot read IP mode file for STMicroelectronics.X-CUBE-AZRTOS-F4.1.1.0
2024-02-05 17:27:33,995 [WARN] PackLoader:240 - Cannot read IP mode file for wolfSSL.I-CUBE-wolfSSL.5.6.3
2024-02-05 17:27:33,996 [WARN] PackLoader:240 - Cannot read IP mode file for wolfSSL.I-CUBE-wolfSSL.5.6.6
2024-02-05 17:27:34,003 [WARN] PackLoader:240 - Cannot read IP mode file for STMicroelectronics.X-CUBE-AZRTOS-L5.2.0.0
2024-02-05 17:27:34,023 [WARN] PackLoader:240 - Cannot read IP mode file for STMicroelectronics.X-CUBE-MEMS1.9.6.0
2024-02-05 17:27:34,108 [WARN] PackLoader:240 - Cannot read IP mode file for STMicroelectronics.X-CUBE-EEPRMA1.4.2.0
2024-02-05 17:27:34,110 [WARN] PackLoader:240 - Cannot read IP mode file for ITTIA_DB.I-CUBE-ITTIADB.8.8.0
2024-02-05 17:27:34,113 [WARN] PackLoader:240 - Cannot read IP mode file for STMicroelectronics.X-CUBE-BLEMGR.2.0.0
2024-02-05 17:27:34,121 [WARN] ConditionMgr:438 - getConditionDescription Invalid condition id : UX DEVICE CLASS RTOS Condition cause : null
2024-02-05 17:27:34,121 [WARN] ConditionMgr:438 - getConditionDescription Invalid condition id : UX DEVICE CLASS RTOS Condition cause : null
2024-02-05 17:27:34,122 [WARN] PackLoader:240 - Cannot read IP mode file for STMicroelectronics.X-CUBE-AZRTOS-H7.3.1.0
2024-02-05 17:27:34,123 [WARN] ConditionMgr:1039 - genDependencies : Invalid condition id : UX DEVICE CLASS RTOS Condition cause : null
2024-02-05 17:27:34,123 [WARN] ConditionMgr:1039 - genDependencies : Invalid condition id : UX DEVICE CLASS RTOS Condition cause : null
2024-02-05 17:27:34,123 [WARN] ConditionMgr:1039 - genDependencies : Invalid condition id : UX DEVICE CLASS RTOS Condition cause : null
2024-02-05 17:27:34,124 [WARN] ConditionMgr:1039 - genDependencies : Invalid condition id : UX DEVICE CLASS RTOS Condition cause : null
2024-02-05 17:27:34,124 [WARN] ConditionMgr:1039 - genDependencies : Invalid condition id : UX DEVICE CLASS RTOS Condition cause : null
2024-02-05 17:27:34,126 [WARN] PackLoader:240 - Cannot read IP mode file for STMicroelectronics.X-CUBE-NFC7.1.0.1
2024-02-05 17:27:34,129 [WARN] PackLoader:240 - Cannot read IP mode file for STMicroelectronics.X-CUBE-NFC6.3.0.0
2024-02-05 17:27:34,132 [WARN] PackLoader:240 - Cannot read IP mode file for STMicroelectronics.X-CUBE-EEPRMA1.4.1.0
2024-02-05 17:27:34,134 [WARN] PackLoader:240 - Cannot read IP mode file for STMicroelectronics.X-CUBE-AI.8.1.0
2024-02-05 17:27:34,185 [WARN] ConditionMgr:438 - getConditionDescription Invalid condition id : LAN8742 Phy interface Condition cause : null
2024-02-05 17:27:34,185 [WARN] PackLoader:240 - Cannot read IP mode file for STMicroelectronics.X-CUBE-AZRTOS-L4.2.0.0
2024-02-05 17:27:34,186 [WARN] ConditionMgr:1039 - genDependencies : Invalid condition id : LAN8742 Phy interface Condition cause : null
2024-02-05 17:27:34,186 [WARN] ConditionMgr:1039 - genDependencies : Invalid condition id : LAN8742 Phy interface Condition cause : null
2024-02-05 17:27:34,186 [WARN] ConditionMgr:1039 - genDependencies : Invalid condition id : LAN8742 Phy interface Condition cause : null
2024-02-05 17:27:34,190 [WARN] PackLoader:240 - Cannot read IP mode file for STMicroelectronics.X-CUBE-SFXS2LP1.4.0.0
2024-02-05 17:27:34,193 [WARN] PackLoader:240 - Cannot read IP mode file for STMicroelectronics.X-CUBE-ISPU.1.1.0
2024-02-05 17:27:34,203 [WARN] ConditionMgr:438 - getConditionDescription Invalid condition id : UX DEVICE CLASS RTOS Condition cause : null
2024-02-05 17:27:34,203 [WARN] ConditionMgr:438 - getConditionDescription Invalid condition id : UX DEVICE CLASS RTOS Condition cause : null
2024-02-05 17:27:34,204 [WARN] PackLoader:240 - Cannot read IP mode file for STMicroelectronics.X-CUBE-AZRTOS-WB.2.0.0
2024-02-05 17:27:34,204 [WARN] ConditionMgr:1039 - genDependencies : Invalid condition id : UX DEVICE CLASS RTOS Condition cause : null
2024-02-05 17:27:34,204 [WARN] ConditionMgr:1039 - genDependencies : Invalid condition id : UX DEVICE CLASS RTOS Condition cause : null
2024-02-05 17:27:34,205 [WARN] ConditionMgr:1039 - genDependencies : Invalid condition id : UX DEVICE CLASS RTOS Condition cause : null
2024-02-05 17:27:34,205 [WARN] ConditionMgr:1039 - genDependencies : Invalid condition id : UX DEVICE CLASS RTOS Condition cause : null
2024-02-05 17:27:34,205 [WARN] ConditionMgr:1039 - genDependencies : Invalid condition id : UX DEVICE CLASS RTOS Condition cause : null
2024-02-05 17:27:34,207 [WARN] PackLoader:240 - Cannot read IP mode file for STMicroelectronics.X-CUBE-AI.8.0.1
2024-02-05 17:27:34,211 [WARN] PackLoader:240 - Cannot read IP mode file for STMicroelectronics.X-CUBE-SUBG2.5.0.0
2024-02-05 17:27:34,219 [WARN] PackLoader:240 - Cannot read IP mode file for STMicroelectronics.X-CUBE-TOF1.3.3.1
2024-02-05 17:27:34,229 [WARN] PackLoader:240 - Cannot read IP mode file for STMicroelectronics.X-CUBE-AZRTOS-G4.2.0.0
2024-02-05 17:27:34,238 [WARN] PackLoader:240 - Cannot read IP mode file for Infineon.AIROC-Wi-Fi-Bluetooth-STM32.1.5.1
2024-02-05 17:27:34,241 [WARN] PackLoader:240 - Cannot read IP mode file for STMicroelectronics.FP-SNS-MOTENVWB1.1.3.1
2024-02-05 17:27:34,243 [WARN] PackLoader:240 - Cannot read IP mode file for STMicroelectronics.X-CUBE-ISPU.2.0.0
2024-02-05 17:27:34,260 [WARN] PackLoader:240 - Cannot read IP mode file for STMicroelectronics.X-CUBE-MEMS1.10.0.0
2024-02-05 17:27:34,315 [WARN] PackLoader:240 - Cannot read IP mode file for STMicroelectronics.X-CUBE-FREERTOS.1.1.0
2024-02-05 17:27:34,317 [WARN] PackLoader:240 - Cannot read IP mode file for portGmbH.I-Cube-SoM-uGOAL.1.1.0
2024-02-05 17:27:34,319 [WARN] PackLoader:240 - Cannot read IP mode file for STMicroelectronics.X-CUBE-ALS.1.0.1
2024-02-05 17:27:34,320 [WARN] PackLoader:240 - Cannot read IP mode file for STMicroelectronics.FP-ATR-ASTRA1.2.0.0
2024-02-05 17:27:34,324 [WARN] PackLoader:240 - Cannot read IP mode file for STMicroelectronics.X-CUBE-TOF1.3.4.0
2024-02-05 17:27:34,339 [WARN] PackLoader:240 - Cannot read IP mode file for STMicroelectronics.X-CUBE-AZRTOS-H7.3.2.0
2024-02-05 17:27:34,341 [INFO] ThirdParty:978 - Integrity check success = true
2024-02-05 17:27:34,341 [INFO] IntegrityCheckThread:100 - exiting critical section [integrity check]
2024-02-05 17:27:34,341 [INFO] IntegrityCheckThread:103 - End integrity checks thread
2024-02-05 17:27:52,873 [ERROR] LogOutputStream:75 - [STDERR_REDIRECT] SLF4J: Failed to load class "org.slf4j.impl.StaticLoggerBinder".
2024-02-05 17:27:52,873 [ERROR] LogOutputStream:75 - [STDERR_REDIRECT] SLF4J: Defaulting to no-operation (NOP) logger implementation
2024-02-05 17:27:52,873 [ERROR] LogOutputStream:75 - [STDERR_REDIRECT] SLF4J: See http://www.slf4j.org/codes.html#StaticLoggerBinder for further details.
2024-02-05 22:43:16,441 [ERROR] LogOutputStream:75 - [STDERR_REDIRECT] 
