2024-02-04 10:54:00,584 [INFO] Activator:176 - 


2024-02-04 10:54:00,585 [INFO] Activator:177 - !SESSION log4j initialized
2024-02-04 10:54:01,555 [INFO] LogOutputStream:77 - [STDOUT_REDIRECT] 
2024-02-04 10:54:02,319 [INFO] ApplicationProperties:184 - Using Application install path: /home/bernhard/st/stm32cubeide_1.14.0/plugins/com.st.stm32cube.common.mx_6.10.0.202311202037
2024-02-04 10:54:02,327 [INFO] DbMcusXml:78 - Set database path to: /home/bernhard/st/stm32cubeide_1.14.0/plugins/com.st.stm32cube.common.mx_6.10.0.202311202037//db//mcu/
2024-02-04 10:54:02,327 [INFO] ApiDb:274 - Set plugin database path to: /home/bernhard/st/stm32cubeide_1.14.0/plugins/com.st.stm32cube.common.mx_6.10.0.202311202037//db//plugins/boardmanager/
2024-02-04 10:54:02,327 [WARN] ApiDb:259 - Overriding images path with different value:  => /home/bernhard/st/stm32cubeide_1.14.0/plugins/com.st.stm32cube.common.mx_6.10.0.202311202037//db//plugins/mcufinder/images/
2024-02-04 10:54:02,329 [INFO] ApiDb:250 - Set database path to: /home/bernhard/.stmcufinder/plugins/mcufinder//mcu/
2024-02-04 10:54:02,329 [INFO] DbMcusAds:125 - Set database path to: /home/bernhard/.stmcufinder/plugins/mcufinder//mcu/
2024-02-04 10:54:02,330 [INFO] CrossReferenceDbSqlite:203 - Set database path to: /home/bernhard/.stmcufinder/plugins/mcufinder//mcu/cs/
2024-02-04 10:54:02,388 [INFO] RulesReader:64 - Compatibility file has been processed (297 Rules)
2024-02-04 10:54:02,419 [INFO] DbMcusXml:78 - Set database path to: /home/bernhard/st/stm32cubeide_1.14.0/plugins/com.st.stm32cube.common.mx_6.10.0.202311202037//db//mcu/
2024-02-04 10:54:02,420 [INFO] ApiDb:274 - Set plugin database path to: /home/bernhard/st/stm32cubeide_1.14.0/plugins/com.st.stm32cube.common.mx_6.10.0.202311202037//db//plugins/boardmanager/
2024-02-04 10:54:02,420 [INFO] ApiDb:261 - Set plugin images path to: /home/bernhard/st/stm32cubeide_1.14.0/plugins/com.st.stm32cube.common.mx_6.10.0.202311202037//db//plugins/mcufinder/images/
2024-02-04 10:54:02,420 [WARN] DbFile:41 - Overriding database path with different value: /home/bernhard/.stmcufinder/plugins/mcufinder/ => /home/bernhard/.stmcufinder/plugins/mcufinder
2024-02-04 10:54:02,420 [INFO] ApiDb:250 - Set database path to: /home/bernhard/.stmcufinder/plugins/mcufinder//mcu/
2024-02-04 10:54:02,420 [WARN] DbFile:41 - Overriding database path with different value: /home/bernhard/.stmcufinder/plugins/mcufinder/ => /home/bernhard/.stmcufinder/plugins/mcufinder
2024-02-04 10:54:02,420 [INFO] DbMcusAds:125 - Set database path to: /home/bernhard/.stmcufinder/plugins/mcufinder//mcu/
2024-02-04 10:54:02,420 [WARN] DbFile:41 - Overriding database path with different value: /home/bernhard/.stmcufinder/plugins/mcufinder/ => /home/bernhard/.stmcufinder/plugins/mcufinder
2024-02-04 10:54:02,420 [WARN] DbFile:41 - Overriding database path with different value: /home/bernhard/.stmcufinder/plugins/mcufinder/ => /home/bernhard/.stmcufinder/plugins/mcufinder
2024-02-04 10:54:02,420 [INFO] CrossReferenceDbSqlite:203 - Set database path to: /home/bernhard/.stmcufinder/plugins/mcufinder//mcu/cs/
2024-02-04 10:54:02,455 [INFO] MainPanel:264 - HeapMemory: 268435456
2024-02-04 10:54:02,490 [INFO] DbMcusXml:78 - Set database path to: /home/bernhard/st/stm32cubeide_1.14.0/plugins/com.st.stm32cube.common.mx_6.10.0.202311202037//db//mcu/
2024-02-04 10:54:02,490 [INFO] ApiDb:274 - Set plugin database path to: /home/bernhard/st/stm32cubeide_1.14.0/plugins/com.st.stm32cube.common.mx_6.10.0.202311202037//db//plugins/boardmanager/
2024-02-04 10:54:02,490 [INFO] ApiDb:261 - Set plugin images path to: /home/bernhard/st/stm32cubeide_1.14.0/plugins/com.st.stm32cube.common.mx_6.10.0.202311202037//db//plugins/mcufinder/images/
2024-02-04 10:54:02,491 [WARN] DbFile:41 - Overriding database path with different value: /home/bernhard/.stmcufinder/plugins/mcufinder/ => /home/bernhard/.stmcufinder/plugins/mcufinder
2024-02-04 10:54:02,491 [INFO] ApiDb:250 - Set database path to: /home/bernhard/.stmcufinder/plugins/mcufinder//mcu/
2024-02-04 10:54:02,491 [WARN] DbFile:41 - Overriding database path with different value: /home/bernhard/.stmcufinder/plugins/mcufinder/ => /home/bernhard/.stmcufinder/plugins/mcufinder
2024-02-04 10:54:02,491 [INFO] DbMcusAds:125 - Set database path to: /home/bernhard/.stmcufinder/plugins/mcufinder//mcu/
2024-02-04 10:54:02,491 [WARN] DbFile:41 - Overriding database path with different value: /home/bernhard/.stmcufinder/plugins/mcufinder/ => /home/bernhard/.stmcufinder/plugins/mcufinder
2024-02-04 10:54:02,491 [WARN] DbFile:41 - Overriding database path with different value: /home/bernhard/.stmcufinder/plugins/mcufinder/ => /home/bernhard/.stmcufinder/plugins/mcufinder
2024-02-04 10:54:02,491 [INFO] CrossReferenceDbSqlite:203 - Set database path to: /home/bernhard/.stmcufinder/plugins/mcufinder//mcu/cs/
2024-02-04 10:54:02,499 [INFO] ApplicationProperties:184 - Using Application install path: /home/bernhard/st/stm32cubeide_1.14.0/plugins/com.st.stm32cube.common.mx_6.10.0.202311202037
2024-02-04 10:54:02,499 [INFO] PluginManage:196 - Search for loadable plugins [exclusion list=, ]
2024-02-04 10:54:02,500 [INFO] PluginManage:310 - Check plugin analytics
2024-02-04 10:54:02,574 [INFO] AnalyticsPlugin:253 - Accepted Software Licenses: STM32CubeMX.6.9.1
2024-02-04 10:54:02,574 [INFO] AnalyticsPlugin:255 - Accepted CMSIS Pack Licenses: STMicroelectronics.X-CUBE-AI.8.1.0,STMicroelectronics.X-CUBE-AI.8.0.1
2024-02-04 10:54:02,574 [INFO] AnalyticsPlugin:257 - Accepted Firmware Licenses: 
2024-02-04 10:54:02,576 [INFO] PluginManage:359 - Loaded plugin analytics (category:tool,tabindex:-1)
2024-02-04 10:54:02,576 [INFO] PluginManage:310 - Check plugin cadmodel
2024-02-04 10:54:02,593 [INFO] CADModel:105 - Init CAD model plugin
2024-02-04 10:54:02,593 [INFO] PluginManage:359 - Loaded plugin cadmodel (category:power,tabindex:5)
2024-02-04 10:54:02,593 [INFO] PluginManage:310 - Check plugin clock
2024-02-04 10:54:02,598 [INFO] PluginManage:359 - Loaded plugin clock (category:base,tabindex:2)
2024-02-04 10:54:02,598 [INFO] PluginManage:310 - Check plugin ddr
2024-02-04 10:54:02,599 [INFO] PluginManage:359 - Loaded plugin ddr (category:tool,tabindex:6)
2024-02-04 10:54:02,599 [INFO] PluginManage:310 - Check plugin filemanager
2024-02-04 10:54:02,666 [INFO] PluginManage:359 - Loaded plugin filemanager (category:base,tabindex:10)
2024-02-04 10:54:02,667 [INFO] PluginManage:310 - Check plugin ipmanager
2024-02-04 10:54:02,669 [INFO] PluginManage:359 - Loaded plugin ipmanager (category:base,tabindex:5)
2024-02-04 10:54:02,669 [INFO] PluginManage:310 - Check plugin lpbam
2024-02-04 10:54:02,673 [INFO] PluginManage:359 - Loaded plugin lpbam (category:base,tabindex:0)
2024-02-04 10:54:02,673 [INFO] PluginManage:310 - Check plugin memorymap
2024-02-04 10:54:02,678 [INFO] PluginManage:359 - Loaded plugin memorymap (category:base,tabindex:4)
2024-02-04 10:54:02,678 [INFO] PluginManage:310 - Check plugin pinoutandconfiguration
2024-02-04 10:54:02,681 [INFO] PluginManage:359 - Loaded plugin pinoutandconfiguration (category:base,tabindex:1)
2024-02-04 10:54:02,681 [INFO] PluginManage:310 - Check plugin pinoutconfig
2024-02-04 10:54:02,737 [WARN] SupportedApi:132 - Cannot load RTOS API schema: s4s-elt-must-match.1: The content of 'definitions' must match (annotation?, (simpleType | complexType)?, (unique | key | keyref)*)). A problem was found starting at: attribute.
2024-02-04 10:54:02,800 [INFO] PluginManage:359 - Loaded plugin pinoutconfig (category:base,tabindex:0)
2024-02-04 10:54:02,801 [INFO] PluginManage:310 - Check plugin power
2024-02-04 10:54:02,804 [INFO] PluginManage:359 - Loaded plugin power (category:power,tabindex:4)
2024-02-04 10:54:02,804 [INFO] PluginManage:310 - Check plugin projectmanager
2024-02-04 10:54:02,812 [INFO] PluginManage:359 - Loaded plugin projectmanager (category:projectmanager,tabindex:3)
2024-02-04 10:54:02,812 [INFO] PluginManage:310 - Check plugin thirdparty
2024-02-04 10:54:02,864 [INFO] PluginManage:359 - Loaded plugin thirdparty (category:base,tabindex:-1)
2024-02-04 10:54:02,865 [INFO] PluginManage:310 - Check plugin tools
2024-02-04 10:54:02,864 [WARN] IntegrityCheckThread:84 - waiting for thirdparty lock release [integrity check]
2024-02-04 10:54:02,865 [INFO] IntegrityCheckThread:86 - entering critical section [integrity check]
2024-02-04 10:54:02,865 [INFO] ThirdPartyUpdaterWithRetryManager:70 - Updater plugin not ready yet. [1/15]
2024-02-04 10:54:02,866 [INFO] PluginManage:359 - Loaded plugin tools (category:base,tabindex:7)
2024-02-04 10:54:02,866 [INFO] PluginManage:310 - Check plugin tutovideos
2024-02-04 10:54:02,944 [INFO] PluginManage:359 - Loaded plugin tutovideos (category:base,tabindex:-1)
2024-02-04 10:54:02,944 [INFO] PluginManage:310 - Check plugin updater
2024-02-04 10:54:02,949 [INFO] PluginManage:359 - Loaded plugin updater (category:base,tabindex:12)
2024-02-04 10:54:02,949 [INFO] PluginManage:310 - Check plugin userauth
2024-02-04 10:54:02,951 [INFO] UserAuth:114 - Init User Auth plugin
2024-02-04 10:54:02,951 [INFO] PluginManage:359 - Loaded plugin userauth (category:base,tabindex:14)
2024-02-04 10:54:02,951 [INFO] PluginManage:283 - PluginManage : Loaded plugins [17]
2024-02-04 10:54:03,029 [INFO] PinOutPanel:1499 - setPackage(No Configuration,No Configuration)
2024-02-04 10:54:03,054 [INFO] CADModel:165 - CPN selected for project level
2024-02-04 10:54:03,055 [INFO] CADModel:114 - Register for checkConnection events
2024-02-04 10:54:03,060 [INFO] IPUIPlugin:80 - create IPUIPlugin
2024-02-04 10:54:03,060 [INFO] PluginManager:220 - loadIPPluginJar : add touchsensing
2024-02-04 10:54:03,061 [INFO] IPUIPlugin:80 - create IPUIPlugin
2024-02-04 10:54:03,061 [INFO] PluginManager:220 - loadIPPluginJar : add dma3
2024-02-04 10:54:03,061 [INFO] IPUIPlugin:80 - create IPUIPlugin
2024-02-04 10:54:03,061 [INFO] PluginManager:220 - loadIPPluginJar : add ltdc
2024-02-04 10:54:03,062 [INFO] IPUIPlugin:80 - create IPUIPlugin
2024-02-04 10:54:03,062 [INFO] PluginManager:220 - loadIPPluginJar : add lorawan
2024-02-04 10:54:03,064 [INFO] IPUIPlugin:80 - create IPUIPlugin
2024-02-04 10:54:03,064 [INFO] PluginManager:220 - loadIPPluginJar : add freertos
2024-02-04 10:54:03,066 [INFO] IPUIPlugin:80 - create IPUIPlugin
2024-02-04 10:54:03,066 [INFO] PluginManager:220 - loadIPPluginJar : add opamp
2024-02-04 10:54:03,066 [INFO] IPUIPlugin:80 - create IPUIPlugin
2024-02-04 10:54:03,067 [INFO] PluginManager:220 - loadIPPluginJar : add comp
2024-02-04 10:54:03,067 [INFO] IPUIPlugin:80 - create IPUIPlugin
2024-02-04 10:54:03,067 [INFO] PluginManager:220 - loadIPPluginJar : add dfsdm
2024-02-04 10:54:03,070 [INFO] IPUIPlugin:80 - create IPUIPlugin
2024-02-04 10:54:03,070 [INFO] PluginManager:220 - loadIPPluginJar : add dma
2024-02-04 10:54:03,072 [INFO] IPUIPlugin:80 - create IPUIPlugin
2024-02-04 10:54:03,072 [INFO] PluginManager:220 - loadIPPluginJar : add adc
2024-02-04 10:54:03,072 [INFO] IPUIPlugin:80 - create IPUIPlugin
2024-02-04 10:54:03,073 [INFO] PluginManager:220 - loadIPPluginJar : add spi
2024-02-04 10:54:03,074 [INFO] IPUIPlugin:80 - create IPUIPlugin
2024-02-04 10:54:03,074 [INFO] PluginManager:220 - loadIPPluginJar : add fmc
2024-02-04 10:54:03,075 [INFO] IPUIPlugin:80 - create IPUIPlugin
2024-02-04 10:54:03,075 [INFO] PluginManager:220 - loadIPPluginJar : add resmgrutility
2024-02-04 10:54:03,076 [INFO] IPUIPlugin:80 - create IPUIPlugin
2024-02-04 10:54:03,076 [INFO] PluginManager:220 - loadIPPluginJar : add cryp
2024-02-04 10:54:03,077 [INFO] IPUIPlugin:80 - create IPUIPlugin
2024-02-04 10:54:03,077 [INFO] PluginManager:220 - loadIPPluginJar : add gtzc
2024-02-04 10:54:03,079 [INFO] IPUIPlugin:80 - create IPUIPlugin
2024-02-04 10:54:03,079 [INFO] PluginManager:220 - loadIPPluginJar : add mdma
2024-02-04 10:54:03,080 [INFO] IPUIPlugin:80 - create IPUIPlugin
2024-02-04 10:54:03,080 [INFO] PluginManager:220 - loadIPPluginJar : add quadspi
2024-02-04 10:54:03,081 [INFO] IPUIPlugin:80 - create IPUIPlugin
2024-02-04 10:54:03,081 [INFO] PluginManager:220 - loadIPPluginJar : add usart
2024-02-04 10:54:03,081 [INFO] IPUIPlugin:80 - create IPUIPlugin
2024-02-04 10:54:03,081 [INFO] PluginManager:220 - loadIPPluginJar : add fatfs
2024-02-04 10:54:03,082 [INFO] IPUIPlugin:80 - create IPUIPlugin
2024-02-04 10:54:03,082 [INFO] PluginManager:220 - loadIPPluginJar : add hash
2024-02-04 10:54:03,082 [INFO] IPUIPlugin:80 - create IPUIPlugin
2024-02-04 10:54:03,082 [INFO] PluginManager:220 - loadIPPluginJar : add ts
2024-02-04 10:54:03,084 [INFO] IPUIPlugin:80 - create IPUIPlugin
2024-02-04 10:54:03,084 [INFO] PluginManager:220 - loadIPPluginJar : add gic
2024-02-04 10:54:03,085 [INFO] IPUIPlugin:80 - create IPUIPlugin
2024-02-04 10:54:03,085 [INFO] PluginManager:220 - loadIPPluginJar : add tim
2024-02-04 10:54:03,085 [INFO] IPUIPlugin:80 - create IPUIPlugin
2024-02-04 10:54:03,085 [INFO] PluginManager:220 - loadIPPluginJar : add tracer_emb
2024-02-04 10:54:03,086 [INFO] IPUIPlugin:80 - create IPUIPlugin
2024-02-04 10:54:03,087 [INFO] PluginManager:220 - loadIPPluginJar : add nvic
2024-02-04 10:54:03,087 [INFO] IPUIPlugin:80 - create IPUIPlugin
2024-02-04 10:54:03,087 [INFO] PluginManager:220 - loadIPPluginJar : add genericplugin
2024-02-04 10:54:03,088 [INFO] IPUIPlugin:80 - create IPUIPlugin
2024-02-04 10:54:03,088 [INFO] PluginManager:220 - loadIPPluginJar : add usbx
2024-02-04 10:54:03,090 [INFO] IPUIPlugin:80 - create IPUIPlugin
2024-02-04 10:54:03,090 [INFO] PluginManager:220 - loadIPPluginJar : add stm32_wpan
2024-02-04 10:54:03,092 [INFO] IPUIPlugin:80 - create IPUIPlugin
2024-02-04 10:54:03,093 [INFO] PluginManager:220 - loadIPPluginJar : add plateformsettings
2024-02-04 10:54:03,094 [INFO] IPUIPlugin:80 - create IPUIPlugin
2024-02-04 10:54:03,094 [INFO] PluginManager:220 - loadIPPluginJar : add sai
2024-02-04 10:54:03,095 [INFO] IPUIPlugin:80 - create IPUIPlugin
2024-02-04 10:54:03,095 [INFO] PluginManager:220 - loadIPPluginJar : add tsc
2024-02-04 10:54:03,096 [INFO] IPUIPlugin:80 - create IPUIPlugin
2024-02-04 10:54:03,096 [INFO] PluginManager:220 - loadIPPluginJar : add i2s
2024-02-04 10:54:03,097 [INFO] IPUIPlugin:80 - create IPUIPlugin
2024-02-04 10:54:03,097 [INFO] PluginManager:220 - loadIPPluginJar : add i2c
2024-02-04 10:54:03,097 [INFO] IPUIPlugin:80 - create IPUIPlugin
2024-02-04 10:54:03,097 [INFO] PluginManager:220 - loadIPPluginJar : add ucpd
2024-02-04 10:54:03,098 [INFO] IPUIPlugin:80 - create IPUIPlugin
2024-02-04 10:54:03,098 [INFO] PluginManager:220 - loadIPPluginJar : add aes
2024-02-04 10:54:03,099 [INFO] IPUIPlugin:80 - create IPUIPlugin
2024-02-04 10:54:03,099 [INFO] PluginManager:220 - loadIPPluginJar : add can
2024-02-04 10:54:03,100 [INFO] IPUIPlugin:80 - create IPUIPlugin
2024-02-04 10:54:03,100 [INFO] PluginManager:220 - loadIPPluginJar : add gpio
2024-02-04 10:54:03,101 [INFO] IPUIPlugin:80 - create IPUIPlugin
2024-02-04 10:54:03,101 [INFO] PluginManager:220 - loadIPPluginJar : add i3c
2024-02-04 10:54:03,102 [INFO] IPUIPlugin:80 - create IPUIPlugin
2024-02-04 10:54:03,102 [INFO] PluginManager:220 - loadIPPluginJar : add gfxmmu
2024-02-04 10:54:03,102 [INFO] IPUIPlugin:80 - create IPUIPlugin
2024-02-04 10:54:03,103 [INFO] PluginManager:220 - loadIPPluginJar : add pdm2pcm
2024-02-04 10:54:03,103 [INFO] IPUIPlugin:80 - create IPUIPlugin
2024-02-04 10:54:03,103 [INFO] PluginManager:220 - loadIPPluginJar : add openamp
2024-02-04 10:54:03,106 [INFO] IPUIPlugin:80 - create IPUIPlugin
2024-02-04 10:54:03,106 [INFO] PluginManager:220 - loadIPPluginJar : add linkedlist
2024-02-04 10:54:03,107 [INFO] IPUIPlugin:80 - create IPUIPlugin
2024-02-04 10:54:03,107 [INFO] PluginManager:220 - loadIPPluginJar : add ipddr
2024-02-04 10:54:03,193 [INFO] CADModel:165 - CPN selected for project level
2024-02-04 10:54:03,193 [INFO] CADModel:114 - Register for checkConnection events
2024-02-04 10:54:03,193 [FATAL] Updater:308 - Updater called before beeing initialized
2024-02-04 10:54:03,193 [ERROR] CADModel:125 - Updater not yet initialized, retry later 
2024-02-04 10:54:03,252 [INFO] CADModel:165 - CPN selected for project level
2024-02-04 10:54:03,252 [INFO] CADModel:114 - Register for checkConnection events
2024-02-04 10:54:03,252 [FATAL] Updater:308 - Updater called before beeing initialized
2024-02-04 10:54:03,252 [ERROR] CADModel:125 - Updater not yet initialized, retry later 
2024-02-04 10:54:03,254 [FATAL] Updater:308 - Updater called before beeing initialized
2024-02-04 10:54:03,294 [FATAL] Updater:308 - Updater called before beeing initialized
2024-02-04 10:54:03,296 [INFO] DbMcusAds:53 - JSON generation date=Wed Nov 29 11:52:27 CET 2023 (1701255147200)
2024-02-04 10:54:03,297 [FATAL] Updater:308 - Updater called before beeing initialized
2024-02-04 10:54:03,316 [WARN] DetailPanel:346 - Failed to get advertising image, set to default
2024-02-04 10:54:03,373 [FATAL] Updater:308 - Updater called before beeing initialized
2024-02-04 10:54:03,374 [FATAL] Updater:308 - Updater called before beeing initialized
2024-02-04 10:54:03,374 [FATAL] Updater:308 - Updater called before beeing initialized
2024-02-04 10:54:03,374 [WARN] DetailPanel:346 - Failed to get advertising image, set to default
2024-02-04 10:54:03,375 [FATAL] Updater:308 - Updater called before beeing initialized
2024-02-04 10:54:03,391 [ERROR] Updater:1120 - MainUpdater not yet initialized. External WinMGr cannot be set.
2024-02-04 10:54:03,392 [INFO] Updater:1056 - Updater Version found : 6.10.0
2024-02-04 10:54:03,401 [INFO] ApplicationProperties:184 - Using Application install path: /home/bernhard/st/stm32cubeide_1.14.0/plugins/com.st.stm32cube.common.mx_6.10.0.202311202037
2024-02-04 10:54:03,558 [INFO] MainUpdater:2873 - connection check result : 10
2024-02-04 10:54:03,558 [INFO] MainUpdater:290 - Updater Check For Update Now.
2024-02-04 10:54:03,558 [INFO] MicroXplorer:498 - Change Database Version : DB.6.0.100
2024-02-04 10:54:03,560 [INFO] McuFinderGlobals:63 - Set McuFinder mode to 2 (CubeIDE integrated)
2024-02-04 10:54:03,560 [INFO] UserAuth:180 - activating auth plugin
2024-02-04 10:54:03,562 [INFO] UserAuth:404 - Internet connection configuration mode: 1
2024-02-04 10:54:03,567 [INFO] JxBrowserEngine:152 - Initiate JxBrowser Engine with user profile folder
2024-02-04 10:54:03,697 [INFO] CheckServerUpdateThread:120 - End of CheckServer Thread
2024-02-04 10:54:03,877 [INFO] WebApp:161 - Instantiating new browser for Auth
2024-02-04 10:54:04,122 [INFO] WebApp:780 - Register for checkConnection events
2024-02-04 10:54:04,122 [INFO] WebApp:414 - Apply proxy settings
2024-02-04 10:54:04,122 [INFO] WebApp:499 - Chromium requires no authentication
2024-02-04 10:54:04,125 [INFO] WebApp:442 - Direct internet connection detected
2024-02-04 10:54:04,191 [INFO] WebApp:192 - Starting web application
2024-02-04 10:54:04,191 [INFO] WebApp:544 - Web application path used /home/bernhard/st/stm32cubeide_1.14.0/plugins/com.st.stm32cube.common.mx_6.10.0.202311202037/db/plugins/mcufinder/reactClient1/index.html
2024-02-04 10:54:05,931 [WARN] PackLoader:240 - Cannot read IP mode file for STMicroelectronics.X-CUBE-SMBUS.2.1.0
2024-02-04 10:54:05,934 [WARN] PackLoader:240 - Cannot read IP mode file for STMicroelectronics.X-CUBE-TOUCHGFX.4.23.0
2024-02-04 10:54:05,949 [WARN] PackLoader:240 - Cannot read IP mode file for STMicroelectronics.X-CUBE-AZRTOS-F7.1.1.0
2024-02-04 10:54:05,955 [WARN] PackLoader:240 - Cannot read IP mode file for STMicroelectronics.FP-SNS-MOTENV1.4.3.2
2024-02-04 10:54:05,959 [WARN] PackLoader:240 - Cannot read IP mode file for STMicroelectronics.FP-SNS-FLIGHT1.5.0.2
2024-02-04 10:54:05,964 [WARN] PackLoader:240 - Cannot read IP mode file for STMicroelectronics.X-CUBE-DISPLAY.3.0.0
2024-02-04 10:54:05,971 [WARN] PackLoader:240 - Cannot read IP mode file for STMicroelectronics.X-CUBE-BLE1.7.0.0
2024-02-04 10:54:05,974 [WARN] PackLoader:240 - Cannot read IP mode file for emotas.I-CUBE-CANOPEN.1.3.0
2024-02-04 10:54:05,975 [WARN] PackLoader:240 - Cannot read IP mode file for STMicroelectronics.X-CUBE-TOUCHGFX.4.22.0
2024-02-04 10:54:05,976 [WARN] PackLoader:240 - Cannot read IP mode file for STMicroelectronics.X-CUBE-TOUCHGFX.4.22.1
2024-02-04 10:54:05,978 [WARN] PackLoader:240 - Cannot read IP mode file for STMicroelectronics.FP-SNS-SMARTAG2.1.2.0
2024-02-04 10:54:05,984 [INFO] LogOutputStream:77 - [STDOUT_REDIRECT] 1 : Invalid condition id : UX_CORESTACK_Condition cause : null
2024-02-04 10:54:05,985 [INFO] LogOutputStream:77 - [STDOUT_REDIRECT] 1 : Invalid condition id : UX_CORESTACK_Condition cause : null
2024-02-04 10:54:05,985 [INFO] LogOutputStream:77 - [STDOUT_REDIRECT] 1 : Invalid condition id : UX_CORESTACK_Condition cause : null
2024-02-04 10:54:05,985 [INFO] LogOutputStream:77 - [STDOUT_REDIRECT] 1 : Invalid condition id : UX_CORESTACK_Condition cause : null
2024-02-04 10:54:05,985 [INFO] LogOutputStream:77 - [STDOUT_REDIRECT] 1 : Invalid condition id : UX_CORESTACK_Condition cause : null
2024-02-04 10:54:05,988 [WARN] PackLoader:240 - Cannot read IP mode file for STMicroelectronics.X-CUBE-AZRTOS-WL.2.0.0
2024-02-04 10:54:05,993 [WARN] PackLoader:240 - Cannot read IP mode file for WES.I-CUBE-Cesium.1.3.0
2024-02-04 10:54:05,996 [WARN] PackLoader:240 - Cannot read IP mode file for STMicroelectronics.X-CUBE-BLE2.3.3.0
2024-02-04 10:54:06,003 [WARN] PackLoader:240 - Cannot read IP mode file for STMicroelectronics.X-CUBE-ALGOBUILD.1.3.0
2024-02-04 10:54:06,012 [WARN] PackLoader:240 - Cannot read IP mode file for STMicroelectronics.X-CUBE-AZRTOS-G0.1.1.0
2024-02-04 10:54:06,016 [WARN] PackLoader:240 - Cannot read IP mode file for STMicroelectronics.X-CUBE-NFC4.3.0.0
2024-02-04 10:54:06,029 [WARN] PackLoader:240 - Cannot read IP mode file for STMicroelectronics.X-CUBE-BLEMGR.3.0.0
2024-02-04 10:54:06,032 [WARN] PackLoader:240 - Cannot read IP mode file for STMicroelectronics.FP-ATR-SIGFOX1.3.2.0
2024-02-04 10:54:06,035 [WARN] PackLoader:240 - Cannot read IP mode file for STMicroelectronics.X-CUBE-EEPRMA1.5.1.0
2024-02-04 10:54:06,053 [WARN] PackLoader:240 - Cannot read IP mode file for SEGGER.I-CUBE-embOS.1.3.1
2024-02-04 10:54:06,075 [WARN] PackLoader:240 - Cannot read IP mode file for STMicroelectronics.X-CUBE-GNSS1.6.0.0
2024-02-04 10:54:06,083 [WARN] PackLoader:240 - Cannot read IP mode file for STMicroelectronics.X-CUBE-AZRTOS-F4.1.1.0
2024-02-04 10:54:06,085 [WARN] PackLoader:240 - Cannot read IP mode file for wolfSSL.I-CUBE-wolfSSL.5.6.3
2024-02-04 10:54:06,087 [WARN] PackLoader:240 - Cannot read IP mode file for wolfSSL.I-CUBE-wolfSSL.5.6.6
2024-02-04 10:54:06,093 [WARN] PackLoader:240 - Cannot read IP mode file for STMicroelectronics.X-CUBE-AZRTOS-L5.2.0.0
2024-02-04 10:54:06,128 [WARN] PackLoader:240 - Cannot read IP mode file for STMicroelectronics.X-CUBE-MEMS1.9.6.0
2024-02-04 10:54:06,205 [WARN] PackLoader:240 - Cannot read IP mode file for STMicroelectronics.X-CUBE-EEPRMA1.4.2.0
2024-02-04 10:54:06,207 [WARN] PackLoader:240 - Cannot read IP mode file for ITTIA_DB.I-CUBE-ITTIADB.8.8.0
2024-02-04 10:54:06,210 [WARN] PackLoader:240 - Cannot read IP mode file for STMicroelectronics.X-CUBE-BLEMGR.2.0.0
2024-02-04 10:54:06,218 [WARN] ConditionMgr:438 - getConditionDescription Invalid condition id : UX DEVICE CLASS RTOS Condition cause : null
2024-02-04 10:54:06,218 [WARN] ConditionMgr:438 - getConditionDescription Invalid condition id : UX DEVICE CLASS RTOS Condition cause : null
2024-02-04 10:54:06,219 [WARN] PackLoader:240 - Cannot read IP mode file for STMicroelectronics.X-CUBE-AZRTOS-H7.3.1.0
2024-02-04 10:54:06,220 [WARN] ConditionMgr:1039 - genDependencies : Invalid condition id : UX DEVICE CLASS RTOS Condition cause : null
2024-02-04 10:54:06,220 [WARN] ConditionMgr:1039 - genDependencies : Invalid condition id : UX DEVICE CLASS RTOS Condition cause : null
2024-02-04 10:54:06,220 [WARN] ConditionMgr:1039 - genDependencies : Invalid condition id : UX DEVICE CLASS RTOS Condition cause : null
2024-02-04 10:54:06,221 [WARN] ConditionMgr:1039 - genDependencies : Invalid condition id : UX DEVICE CLASS RTOS Condition cause : null
2024-02-04 10:54:06,221 [WARN] ConditionMgr:1039 - genDependencies : Invalid condition id : UX DEVICE CLASS RTOS Condition cause : null
2024-02-04 10:54:06,224 [WARN] PackLoader:240 - Cannot read IP mode file for STMicroelectronics.X-CUBE-NFC7.1.0.1
2024-02-04 10:54:06,226 [WARN] PackLoader:240 - Cannot read IP mode file for STMicroelectronics.X-CUBE-NFC6.3.0.0
2024-02-04 10:54:06,229 [WARN] PackLoader:240 - Cannot read IP mode file for STMicroelectronics.X-CUBE-EEPRMA1.4.1.0
2024-02-04 10:54:06,230 [WARN] PackLoader:240 - Cannot read IP mode file for STMicroelectronics.X-CUBE-AI.8.1.0
2024-02-04 10:54:06,324 [WARN] ConditionMgr:438 - getConditionDescription Invalid condition id : LAN8742 Phy interface Condition cause : null
2024-02-04 10:54:06,324 [WARN] PackLoader:240 - Cannot read IP mode file for STMicroelectronics.X-CUBE-AZRTOS-L4.2.0.0
2024-02-04 10:54:06,326 [WARN] ConditionMgr:1039 - genDependencies : Invalid condition id : LAN8742 Phy interface Condition cause : null
2024-02-04 10:54:06,326 [WARN] ConditionMgr:1039 - genDependencies : Invalid condition id : LAN8742 Phy interface Condition cause : null
2024-02-04 10:54:06,326 [WARN] ConditionMgr:1039 - genDependencies : Invalid condition id : LAN8742 Phy interface Condition cause : null
2024-02-04 10:54:06,331 [WARN] PackLoader:240 - Cannot read IP mode file for STMicroelectronics.X-CUBE-SFXS2LP1.4.0.0
2024-02-04 10:54:06,334 [WARN] PackLoader:240 - Cannot read IP mode file for STMicroelectronics.X-CUBE-ISPU.1.1.0
2024-02-04 10:54:06,343 [WARN] ConditionMgr:438 - getConditionDescription Invalid condition id : UX DEVICE CLASS RTOS Condition cause : null
2024-02-04 10:54:06,343 [WARN] ConditionMgr:438 - getConditionDescription Invalid condition id : UX DEVICE CLASS RTOS Condition cause : null
2024-02-04 10:54:06,344 [WARN] PackLoader:240 - Cannot read IP mode file for STMicroelectronics.X-CUBE-AZRTOS-WB.2.0.0
2024-02-04 10:54:06,345 [WARN] ConditionMgr:1039 - genDependencies : Invalid condition id : UX DEVICE CLASS RTOS Condition cause : null
2024-02-04 10:54:06,345 [WARN] ConditionMgr:1039 - genDependencies : Invalid condition id : UX DEVICE CLASS RTOS Condition cause : null
2024-02-04 10:54:06,345 [WARN] ConditionMgr:1039 - genDependencies : Invalid condition id : UX DEVICE CLASS RTOS Condition cause : null
2024-02-04 10:54:06,345 [WARN] ConditionMgr:1039 - genDependencies : Invalid condition id : UX DEVICE CLASS RTOS Condition cause : null
2024-02-04 10:54:06,346 [WARN] ConditionMgr:1039 - genDependencies : Invalid condition id : UX DEVICE CLASS RTOS Condition cause : null
2024-02-04 10:54:06,348 [WARN] PackLoader:240 - Cannot read IP mode file for STMicroelectronics.X-CUBE-AI.8.0.1
2024-02-04 10:54:06,354 [WARN] PackLoader:240 - Cannot read IP mode file for STMicroelectronics.X-CUBE-SUBG2.5.0.0
2024-02-04 10:54:06,366 [WARN] PackLoader:240 - Cannot read IP mode file for STMicroelectronics.X-CUBE-TOF1.3.3.1
2024-02-04 10:54:06,382 [WARN] PackLoader:240 - Cannot read IP mode file for STMicroelectronics.X-CUBE-AZRTOS-G4.2.0.0
2024-02-04 10:54:06,392 [WARN] PackLoader:240 - Cannot read IP mode file for Infineon.AIROC-Wi-Fi-Bluetooth-STM32.1.5.1
2024-02-04 10:54:06,397 [WARN] PackLoader:240 - Cannot read IP mode file for STMicroelectronics.FP-SNS-MOTENVWB1.1.3.1
2024-02-04 10:54:06,399 [WARN] PackLoader:240 - Cannot read IP mode file for STMicroelectronics.X-CUBE-ISPU.2.0.0
2024-02-04 10:54:06,422 [WARN] PackLoader:240 - Cannot read IP mode file for STMicroelectronics.X-CUBE-MEMS1.10.0.0
2024-02-04 10:54:06,487 [WARN] PackLoader:240 - Cannot read IP mode file for STMicroelectronics.X-CUBE-FREERTOS.1.1.0
2024-02-04 10:54:06,489 [WARN] PackLoader:240 - Cannot read IP mode file for portGmbH.I-Cube-SoM-uGOAL.1.1.0
2024-02-04 10:54:06,490 [WARN] PackLoader:240 - Cannot read IP mode file for STMicroelectronics.X-CUBE-ALS.1.0.1
2024-02-04 10:54:06,492 [WARN] PackLoader:240 - Cannot read IP mode file for STMicroelectronics.FP-ATR-ASTRA1.2.0.0
2024-02-04 10:54:06,496 [WARN] PackLoader:240 - Cannot read IP mode file for STMicroelectronics.X-CUBE-TOF1.3.4.0
2024-02-04 10:54:06,508 [WARN] PackLoader:240 - Cannot read IP mode file for STMicroelectronics.X-CUBE-AZRTOS-H7.3.2.0
2024-02-04 10:54:06,509 [INFO] ThirdParty:978 - Integrity check success = true
2024-02-04 10:54:06,509 [INFO] IntegrityCheckThread:100 - exiting critical section [integrity check]
2024-02-04 10:54:06,509 [INFO] IntegrityCheckThread:103 - End integrity checks thread
2024-02-04 10:54:24,532 [ERROR] LogOutputStream:75 - [STDERR_REDIRECT] SLF4J: Failed to load class "org.slf4j.impl.StaticLoggerBinder".
2024-02-04 10:54:24,532 [ERROR] LogOutputStream:75 - [STDERR_REDIRECT] SLF4J: Defaulting to no-operation (NOP) logger implementation
2024-02-04 10:54:24,532 [ERROR] LogOutputStream:75 - [STDERR_REDIRECT] SLF4J: See http://www.slf4j.org/codes.html#StaticLoggerBinder for further details.
2024-02-04 23:53:28,140 [ERROR] LogOutputStream:75 - [STDERR_REDIRECT] 
